<?xml version="1.0" encoding="UTF-8"?>
<!-- Generated by org.testng.reporters.JUnitReportReporter -->
<testsuite skipped="0" hostname="SACHIN-PC" name="com.github.SeleniumToDoMVC.TodosRandomSelection" tests="1" failures="0" timestamp="09 May 2020 16:40:24 GMT" time="4.496" errors="0">
  <testcase name="Fibonaciselection" time="4.496" classname="com.github.SeleniumToDoMVC.TodosRandomSelection"/>
</testsuite> <!-- com.github.SeleniumToDoMVC.TodosRandomSelection -->
