<?xml version="1.0" encoding="UTF-8"?>
<!-- Generated by org.testng.reporters.JUnitReportReporter -->
<testsuite skipped="0" hostname="SACHIN-PC" name="com.github.SeleniumToDoMVC.AddTodoasSpace" tests="1" failures="0" timestamp="10 May 2020 01:15:13 GMT" time="1.855" errors="0">
  <testcase name="addingspae" time="1.855" classname="com.github.SeleniumToDoMVC.AddTodoasSpace"/>
</testsuite> <!-- com.github.SeleniumToDoMVC.AddTodoasSpace -->
