<?xml version="1.0" encoding="UTF-8"?>
<!-- Generated by org.testng.reporters.JUnitReportReporter -->
<testsuite skipped="0" hostname="SACHIN-PC" name="com.github.SeleniumToDoMVC.AddTextAsIntSpecialCharacters" tests="3" failures="0" timestamp="10 May 2020 01:18:03 GMT" time="3.406" errors="0">
  <testcase name="AddTodosasSpecialCharacters" time="2.965" classname="com.github.SeleniumToDoMVC.AddTextAsIntSpecialCharacters"/>
  <testcase name="AddTodosasIntegers" time="0.190" classname="com.github.SeleniumToDoMVC.AddTextAsIntSpecialCharacters"/>
  <testcase name="AddTodosascombo" time="0.251" classname="com.github.SeleniumToDoMVC.AddTextAsIntSpecialCharacters"/>
</testsuite> <!-- com.github.SeleniumToDoMVC.AddTextAsIntSpecialCharacters -->
