<?xml version="1.0" encoding="UTF-8"?>
<!-- Generated by org.testng.reporters.JUnitReportReporter -->
<testsuite skipped="0" hostname="SACHIN-PC" name="com.github.SeleniumToDoMVC.AddingDuplicateTodos" tests="1" failures="0" timestamp="10 May 2020 01:17:00 GMT" time="9.326" errors="0">
  <testcase name="DuplicateTodo" time="9.326" classname="com.github.SeleniumToDoMVC.AddingDuplicateTodos"/>
</testsuite> <!-- com.github.SeleniumToDoMVC.AddingDuplicateTodos -->
