<?xml version="1.0" encoding="UTF-8"?>
<!-- Generated by org.testng.reporters.JUnitReportReporter -->
<testsuite skipped="0" hostname="SACHIN-PC" name="com.github.SeleniumToDoMVC.ToDoMVCTest" tests="1" failures="0" timestamp="06 May 2020 19:07:09 GMT" time="25.210" errors="0">
  <testcase name="TestcaseOne" time="25.210" classname="com.github.SeleniumToDoMVC.ToDoMVCTest"/>
</testsuite> <!-- com.github.SeleniumToDoMVC.ToDoMVCTest -->
