<?xml version="1.0" encoding="UTF-8"?>
<!-- Generated by org.testng.reporters.JUnitReportReporter -->
<testsuite skipped="0" hostname="DESKTOP-QHS8TJ6" name="com.github.SeleniumToDoMVC.ToDoMVCTest" tests="1" failures="0" timestamp="2020-05-03T19:03:01 IST" time="21.254" errors="0">
  <testcase name="TestcaseOne" time="21.254" classname="com.github.SeleniumToDoMVC.ToDoMVCTest"/>
  <system-out/>
</testsuite> <!-- com.github.SeleniumToDoMVC.ToDoMVCTest -->
